2022-12-21 17:46:59,731 [Worker-4: Loading available Gradle versions] INFO  o.e.b.c.i.u.g.PublishedGradleVersions - Gradle version information cache is up-to-date. Trying to read.
2022-12-21 17:47:06,826 [Worker-1: Building] WARN  o.e.m.c.i.embedder.EclipseLogger - Using platform encoding (UTF-8 actually) to copy filtered resources, i.e. build is platform dependent!
2022-12-21 17:47:06,828 [Worker-1: Building] INFO  o.e.m.c.i.embedder.EclipseLogger - skip non existing resourceDirectory C:\Users\sai chakravarthi\OneDrive\Desktop\Automation\CoreJavaTraninig\Introduction\src\test\resources
2022-12-21 17:49:11,375 [Worker-7: Loading available Gradle versions] INFO  o.e.b.c.i.u.g.PublishedGradleVersions - Gradle version information cache is up-to-date. Trying to read.
2022-12-21 19:05:28,450 [Worker-5: Loading available Gradle versions] INFO  o.e.b.c.i.u.g.PublishedGradleVersions - Gradle version information cache is up-to-date. Trying to read.
2022-12-21 19:08:10,070 [Worker-8: Building] WARN  o.e.m.c.i.embedder.EclipseLogger - Using platform encoding (UTF-8 actually) to copy filtered resources, i.e. build is platform dependent!
2022-12-21 19:08:10,075 [Worker-8: Building] INFO  o.e.m.c.i.embedder.EclipseLogger - skip non existing resourceDirectory C:\Users\sai chakravarthi\OneDrive\Desktop\Automation\CoreJavaTraninig\Introduction\src\test\resources
2022-12-21 20:51:36,391 [Worker-1: Loading available Gradle versions] INFO  o.e.b.c.i.u.g.PublishedGradleVersions - Gradle version information cache is up-to-date. Trying to read.
2022-12-22 09:14:21,387 [Worker-2: Loading available Gradle versions] INFO  o.e.b.c.i.u.g.PublishedGradleVersions - Gradle version information cache is up-to-date. Trying to read.
2022-12-22 09:41:03,308 [Worker-4: Loading available Gradle versions] INFO  o.e.b.c.i.u.g.PublishedGradleVersions - Gradle version information cache is up-to-date. Trying to read.
2022-12-22 09:49:48,826 [Worker-4: Loading available Gradle versions] INFO  o.e.b.c.i.u.g.PublishedGradleVersions - Gradle version information cache is up-to-date. Trying to read.
2022-12-22 13:17:22,859 [Worker-1: Loading available Gradle versions] INFO  o.e.b.c.i.u.g.PublishedGradleVersions - Gradle version information cache is up-to-date. Trying to read.
2022-12-22 13:24:51,452 [Worker-21: Building] WARN  o.e.m.c.i.embedder.EclipseLogger - Using platform encoding (UTF-8 actually) to copy filtered resources, i.e. build is platform dependent!
2022-12-22 13:24:51,457 [Worker-21: Building] INFO  o.e.m.c.i.embedder.EclipseLogger - skip non existing resourceDirectory C:\Users\sai chakravarthi\OneDrive\Desktop\Automation\CoreJavaTraninig\Introduction\src\test\resources
2022-12-22 13:40:44,212 [Worker-1: Loading available Gradle versions] INFO  o.e.b.c.i.u.g.PublishedGradleVersions - Gradle version information cache is up-to-date. Trying to read.
2022-12-22 13:44:04,492 [Worker-22: Building] WARN  o.e.m.c.i.embedder.EclipseLogger - Using platform encoding (UTF-8 actually) to copy filtered resources, i.e. build is platform dependent!
2022-12-22 13:44:04,496 [Worker-22: Building] INFO  o.e.m.c.i.embedder.EclipseLogger - skip non existing resourceDirectory C:\Users\sai chakravarthi\OneDrive\Desktop\Automation\CoreJavaTraninig\Introduction\src\test\resources
2022-12-22 13:45:13,841 [Worker-17: Building] WARN  o.e.m.c.i.embedder.EclipseLogger - Using platform encoding (UTF-8 actually) to copy filtered resources, i.e. build is platform dependent!
2022-12-22 13:45:13,842 [Worker-17: Building] INFO  o.e.m.c.i.embedder.EclipseLogger - skip non existing resourceDirectory C:\Users\sai chakravarthi\OneDrive\Desktop\Automation\CoreJavaTraninig\Introduction\src\main\resources
2022-12-22 13:45:13,843 [Worker-17: Building] WARN  o.e.m.c.i.embedder.EclipseLogger - Using platform encoding (UTF-8 actually) to copy filtered resources, i.e. build is platform dependent!
2022-12-22 13:45:13,844 [Worker-17: Building] INFO  o.e.m.c.i.embedder.EclipseLogger - skip non existing resourceDirectory C:\Users\sai chakravarthi\OneDrive\Desktop\Automation\CoreJavaTraninig\Introduction\src\test\resources
2022-12-22 15:26:10,198 [Worker-32: Building] WARN  o.e.m.c.i.embedder.EclipseLogger - Using platform encoding (UTF-8 actually) to copy filtered resources, i.e. build is platform dependent!
2022-12-22 15:26:10,206 [Worker-32: Building] INFO  o.e.m.c.i.embedder.EclipseLogger - skip non existing resourceDirectory C:\Users\sai chakravarthi\OneDrive\Desktop\Automation\CoreJavaTraninig\Introduction\src\main\resources
2022-12-22 15:26:10,208 [Worker-32: Building] WARN  o.e.m.c.i.embedder.EclipseLogger - Using platform encoding (UTF-8 actually) to copy filtered resources, i.e. build is platform dependent!
2022-12-22 15:26:10,209 [Worker-32: Building] INFO  o.e.m.c.i.embedder.EclipseLogger - skip non existing resourceDirectory C:\Users\sai chakravarthi\OneDrive\Desktop\Automation\CoreJavaTraninig\Introduction\src\test\resources
2022-12-22 20:53:05,443 [Worker-3: Loading available Gradle versions] INFO  o.e.b.c.i.u.g.PublishedGradleVersions - Gradle version information cache is out-of-date. Trying to update.
2022-12-23 13:15:27,962 [Worker-5: Loading available Gradle versions] INFO  o.e.b.c.i.u.g.PublishedGradleVersions - Gradle version information cache is up-to-date. Trying to read.
2022-12-23 21:36:38,829 [Worker-3: Loading available Gradle versions] INFO  o.e.b.c.i.u.g.PublishedGradleVersions - Gradle version information cache is out-of-date. Trying to update.
2022-12-26 09:39:30,680 [Worker-5: Loading available Gradle versions] INFO  o.e.b.c.i.u.g.PublishedGradleVersions - Gradle version information cache is out-of-date. Trying to update.
2022-12-26 14:16:02,147 [Worker-1: Loading available Gradle versions] INFO  o.e.b.c.i.u.g.PublishedGradleVersions - Gradle version information cache is up-to-date. Trying to read.
2022-12-27 11:42:37,091 [Worker-5: Loading available Gradle versions] INFO  o.e.b.c.i.u.g.PublishedGradleVersions - Gradle version information cache is out-of-date. Trying to update.
2022-12-27 11:43:19,982 [Worker-8: Building] WARN  o.e.m.c.i.embedder.EclipseLogger - Using platform encoding (UTF-8 actually) to copy filtered resources, i.e. build is platform dependent!
2022-12-27 11:43:19,986 [Worker-8: Building] INFO  o.e.m.c.i.embedder.EclipseLogger - skip non existing resourceDirectory C:\Users\sai chakravarthi\OneDrive\Desktop\Automation\CoreJavaTraninig\Introduction\src\test\resources
2022-12-27 14:00:09,413 [Worker-5: Loading available Gradle versions] INFO  o.e.b.c.i.u.g.PublishedGradleVersions - Gradle version information cache is up-to-date. Trying to read.
2022-12-27 14:00:46,130 [Worker-11: Importing Maven projects] INFO  o.e.m.c.i.l.LifecycleMappingFactory - Using org.eclipse.m2e.jdt.JarLifecycleMapping lifecycle mapping for MavenProject: com.example:SB03-SpringBoot-MVC-Beans-test:0.0.1-SNAPSHOT @ C:\Users\sai chakravarthi\OneDrive\Desktop\Automation\CoreJavaTraninig\SB03-SpringBoot-MVC-Beans-test\SB03-SpringBoot-MVC-Beans-test\pom.xml.
2022-12-27 14:00:47,826 [Worker-11: Importing Maven projects] INFO  o.e.m.j.i.AbstractJavaProjectConfigurator - Adding source folder /SB03-SpringBoot-MVC-Beans-test/src/main/java
2022-12-27 14:00:47,827 [Worker-11: Importing Maven projects] INFO  o.e.m.j.i.AbstractJavaProjectConfigurator - Adding resource folder /SB03-SpringBoot-MVC-Beans-test/src/main/resources
2022-12-27 14:00:47,833 [Worker-11: Importing Maven projects] INFO  o.e.m.j.i.AbstractJavaProjectConfigurator - Adding resource folder /SB03-SpringBoot-MVC-Beans-test/src/main/resources
2022-12-27 14:00:47,838 [Worker-11: Importing Maven projects] INFO  o.e.m.j.i.AbstractJavaProjectConfigurator - Adding source folder /SB03-SpringBoot-MVC-Beans-test/src/test/java
2022-12-27 14:00:48,112 [Worker-11: Importing Maven projects] INFO  o.e.m.c.i.p.ProjectConfigurationManager - Imported and configured 1 project(s) in 3 sec
2022-12-27 14:05:35,969 [Worker-1: Loading available Gradle versions] INFO  o.e.b.c.i.u.g.PublishedGradleVersions - Gradle version information cache is up-to-date. Trying to read.
2022-12-27 14:08:24,157 [Worker-12: Building] INFO  o.a.m.s.f.DefaultMavenResourcesFiltering - Copying 1 resource
2022-12-27 14:08:24,176 [Worker-12: Building] INFO  o.a.m.s.f.DefaultMavenResourcesFiltering - Copying 0 resource
2022-12-27 14:08:24,180 [Worker-12: Building] INFO  o.a.m.s.f.DefaultMavenResourcesFiltering - skip non existing resourceDirectory C:\Users\sai chakravarthi\OneDrive\Desktop\Automation\CoreJavaTraninig\SB03-SpringBoot-MVC-Beans-test\SB03-SpringBoot-MVC-Beans-test\src\test\resources
2022-12-27 20:44:31,033 [Worker-1: Loading available Gradle versions] INFO  o.e.b.c.i.u.g.PublishedGradleVersions - Gradle version information cache is up-to-date. Trying to read.
2022-12-28 21:16:40,006 [Worker-5: Loading available Gradle versions] INFO  o.e.b.c.i.u.g.PublishedGradleVersions - Gradle version information cache is up-to-date. Trying to read.
2022-12-28 21:30:30,741 [Worker-1: Loading available Gradle versions] INFO  o.e.b.c.i.u.g.PublishedGradleVersions - Gradle version information cache is up-to-date. Trying to read.
2022-12-28 21:32:04,149 [Worker-10: Building] WARN  o.e.m.c.i.embedder.EclipseLogger - Using platform encoding (UTF-8 actually) to copy filtered resources, i.e. build is platform dependent!
2022-12-28 21:32:04,154 [Worker-10: Building] INFO  o.e.m.c.i.embedder.EclipseLogger - skip non existing resourceDirectory C:\Users\sai chakravarthi\OneDrive\Desktop\Automation\CoreJavaTraninig\Introduction\src\test\resources
2022-12-28 21:32:07,141 [Worker-9: Building] INFO  o.a.m.s.f.DefaultMavenResourcesFiltering - Copying 1 resource
2022-12-28 21:32:07,166 [Worker-9: Building] INFO  o.a.m.s.f.DefaultMavenResourcesFiltering - Copying 0 resource
2022-12-28 21:32:07,172 [Worker-9: Building] INFO  o.a.m.s.f.DefaultMavenResourcesFiltering - skip non existing resourceDirectory C:\Users\sai chakravarthi\OneDrive\Desktop\Automation\CoreJavaTraninig\SB03-SpringBoot-MVC-Beans-test\SB03-SpringBoot-MVC-Beans-test\src\test\resources
2022-12-31 14:36:52,581 [Worker-1: Loading available Gradle versions] INFO  o.e.b.c.i.u.g.PublishedGradleVersions - Gradle version information cache is out-of-date. Trying to update.
2023-01-01 21:30:32,097 [Worker-3: Loading available Gradle versions] INFO  o.e.b.c.i.u.g.PublishedGradleVersions - Gradle version information cache is up-to-date. Trying to read.
2023-01-01 21:42:41,320 [Worker-22: Building] WARN  o.e.m.c.i.embedder.EclipseLogger - Using platform encoding (UTF-8 actually) to copy filtered resources, i.e. build is platform dependent!
2023-01-01 21:42:41,325 [Worker-22: Building] INFO  o.e.m.c.i.embedder.EclipseLogger - skip non existing resourceDirectory C:\Users\sai chakravarthi\OneDrive\Desktop\Automation\CoreJavaTraninig\Introduction\src\test\resources
2023-01-01 21:42:44,509 [Worker-25: Building] INFO  o.a.m.s.f.DefaultMavenResourcesFiltering - Copying 1 resource
2023-01-01 21:42:44,537 [Worker-25: Building] INFO  o.a.m.s.f.DefaultMavenResourcesFiltering - Copying 0 resource
2023-01-01 21:42:44,545 [Worker-25: Building] INFO  o.a.m.s.f.DefaultMavenResourcesFiltering - skip non existing resourceDirectory C:\Users\sai chakravarthi\OneDrive\Desktop\Automation\CoreJavaTraninig\SB03-SpringBoot-MVC-Beans-test\SB03-SpringBoot-MVC-Beans-test\src\test\resources
2023-01-02 09:58:03,043 [Worker-4: Loading available Gradle versions] INFO  o.e.b.c.i.u.g.PublishedGradleVersions - Gradle version information cache is up-to-date. Trying to read.
2023-01-02 13:36:50,963 [Worker-4: Loading available Gradle versions] INFO  o.e.b.c.i.u.g.PublishedGradleVersions - Gradle version information cache is up-to-date. Trying to read.
2023-01-03 14:59:26,364 [Worker-5: Loading available Gradle versions] INFO  o.e.b.c.i.u.g.PublishedGradleVersions - Gradle version information cache is up-to-date. Trying to read.
2023-01-03 15:06:55,876 [Worker-21: Building] WARN  o.e.m.c.i.embedder.EclipseLogger - Using platform encoding (UTF-8 actually) to copy filtered resources, i.e. build is platform dependent!
2023-01-03 15:06:55,880 [Worker-21: Building] INFO  o.e.m.c.i.embedder.EclipseLogger - skip non existing resourceDirectory C:\Users\sai chakravarthi\OneDrive\Desktop\Automation\CoreJavaTraninig\Introduction\src\test\resources
2023-01-03 15:06:59,785 [Worker-18: Building] INFO  o.a.m.s.f.DefaultMavenResourcesFiltering - Copying 1 resource
2023-01-03 15:06:59,805 [Worker-18: Building] INFO  o.a.m.s.f.DefaultMavenResourcesFiltering - Copying 0 resource
2023-01-03 15:06:59,812 [Worker-18: Building] INFO  o.a.m.s.f.DefaultMavenResourcesFiltering - skip non existing resourceDirectory C:\Users\sai chakravarthi\OneDrive\Desktop\Automation\CoreJavaTraninig\SB03-SpringBoot-MVC-Beans-test\SB03-SpringBoot-MVC-Beans-test\src\test\resources
2023-01-03 15:56:29,604 [Worker-1: Loading available Gradle versions] INFO  o.e.b.c.i.u.g.PublishedGradleVersions - Gradle version information cache is up-to-date. Trying to read.
2023-01-04 11:17:26,574 [Worker-4: Loading available Gradle versions] INFO  o.e.b.c.i.u.g.PublishedGradleVersions - Gradle version information cache is up-to-date. Trying to read.
2023-01-04 13:07:14,869 [Worker-2: Loading available Gradle versions] INFO  o.e.b.c.i.u.g.PublishedGradleVersions - Gradle version information cache is up-to-date. Trying to read.
2023-01-08 10:00:24,036 [Worker-3: Loading available Gradle versions] INFO  o.e.b.c.i.u.g.PublishedGradleVersions - Gradle version information cache is up-to-date. Trying to read.
2023-01-08 10:13:33,616 [Worker-26: Building] WARN  o.e.m.c.i.embedder.EclipseLogger - Using platform encoding (UTF-8 actually) to copy filtered resources, i.e. build is platform dependent!
2023-01-08 10:13:33,621 [Worker-26: Building] INFO  o.e.m.c.i.embedder.EclipseLogger - skip non existing resourceDirectory C:\Users\sai chakravarthi\OneDrive\Desktop\Automation\CoreJavaTraninig\Introduction\src\test\resources
2023-01-08 10:13:39,978 [Worker-23: Building] INFO  o.a.m.s.f.DefaultMavenResourcesFiltering - Copying 1 resource
2023-01-08 10:13:40,002 [Worker-23: Building] INFO  o.a.m.s.f.DefaultMavenResourcesFiltering - Copying 0 resource
2023-01-08 10:13:40,009 [Worker-23: Building] INFO  o.a.m.s.f.DefaultMavenResourcesFiltering - skip non existing resourceDirectory C:\Users\sai chakravarthi\OneDrive\Desktop\Automation\CoreJavaTraninig\SB03-SpringBoot-MVC-Beans-test\SB03-SpringBoot-MVC-Beans-test\src\test\resources
2023-01-08 11:04:51,236 [Worker-1: Loading available Gradle versions] INFO  o.e.b.c.i.u.g.PublishedGradleVersions - Gradle version information cache is up-to-date. Trying to read.
2023-01-08 15:14:39,396 [Worker-1: Loading available Gradle versions] INFO  o.e.b.c.i.u.g.PublishedGradleVersions - Gradle version information cache is up-to-date. Trying to read.
2023-01-09 09:56:29,885 [Worker-1: Loading available Gradle versions] INFO  o.e.b.c.i.u.g.PublishedGradleVersions - Gradle version information cache is up-to-date. Trying to read.
2023-01-09 13:26:23,901 [Worker-3: Loading available Gradle versions] INFO  o.e.b.c.i.u.g.PublishedGradleVersions - Gradle version information cache is up-to-date. Trying to read.
2023-01-09 13:27:48,473 [Worker-6: Loading available Gradle versions] INFO  o.e.b.c.i.u.g.PublishedGradleVersions - Gradle version information cache is up-to-date. Trying to read.
2023-01-11 11:13:33,576 [Worker-3: Loading available Gradle versions] INFO  o.e.b.c.i.u.g.PublishedGradleVersions - Gradle version information cache is out-of-date. Trying to update.
2023-01-11 22:11:22,797 [Worker-3: Loading available Gradle versions] INFO  o.e.b.c.i.u.g.PublishedGradleVersions - Gradle version information cache is up-to-date. Trying to read.
2023-01-15 10:35:50,872 [Worker-4: Loading available Gradle versions] INFO  o.e.b.c.i.u.g.PublishedGradleVersions - Gradle version information cache is up-to-date. Trying to read.
2023-01-15 10:44:04,046 [Worker-24: Building] WARN  o.e.m.c.i.embedder.EclipseLogger - Using platform encoding (UTF-8 actually) to copy filtered resources, i.e. build is platform dependent!
2023-01-15 10:44:04,051 [Worker-24: Building] INFO  o.e.m.c.i.embedder.EclipseLogger - skip non existing resourceDirectory C:\Users\sai chakravarthi\OneDrive\Desktop\Automation\CoreJavaTraninig\Introduction\src\test\resources
2023-01-15 10:44:10,516 [Worker-23: Building] INFO  o.a.m.s.f.DefaultMavenResourcesFiltering - Copying 1 resource
2023-01-15 10:44:10,541 [Worker-23: Building] INFO  o.a.m.s.f.DefaultMavenResourcesFiltering - Copying 0 resource
2023-01-15 10:44:10,547 [Worker-23: Building] INFO  o.a.m.s.f.DefaultMavenResourcesFiltering - skip non existing resourceDirectory C:\Users\sai chakravarthi\OneDrive\Desktop\Automation\CoreJavaTraninig\SB03-SpringBoot-MVC-Beans-test\SB03-SpringBoot-MVC-Beans-test\src\test\resources
2023-01-18 22:10:52,561 [Worker-3: Loading available Gradle versions] INFO  o.e.b.c.i.u.g.PublishedGradleVersions - Gradle version information cache is up-to-date. Trying to read.
2023-01-19 10:24:05,205 [Worker-5: Loading available Gradle versions] INFO  o.e.b.c.i.u.g.PublishedGradleVersions - Gradle version information cache is up-to-date. Trying to read.
2023-01-19 13:18:40,610 [Worker-2: Loading available Gradle versions] INFO  o.e.b.c.i.u.g.PublishedGradleVersions - Gradle version information cache is up-to-date. Trying to read.
2023-01-20 10:49:12,793 [Worker-2: Loading available Gradle versions] INFO  o.e.b.c.i.u.g.PublishedGradleVersions - Gradle version information cache is out-of-date. Trying to update.
2023-01-20 10:50:46,263 [Worker-19: Building] WARN  o.e.m.c.i.embedder.EclipseLogger - Using platform encoding (UTF-8 actually) to copy filtered resources, i.e. build is platform dependent!
2023-01-20 10:50:46,268 [Worker-19: Building] INFO  o.e.m.c.i.embedder.EclipseLogger - skip non existing resourceDirectory C:\Users\sai chakravarthi\OneDrive\Desktop\Automation\CoreJavaTraninig\Introduction\src\test\resources
2023-01-20 10:50:51,992 [Worker-4: Building] INFO  o.a.m.s.f.DefaultMavenResourcesFiltering - Copying 1 resource
2023-01-20 10:50:52,016 [Worker-4: Building] INFO  o.a.m.s.f.DefaultMavenResourcesFiltering - Copying 0 resource
2023-01-20 10:50:52,023 [Worker-4: Building] INFO  o.a.m.s.f.DefaultMavenResourcesFiltering - skip non existing resourceDirectory C:\Users\sai chakravarthi\OneDrive\Desktop\Automation\CoreJavaTraninig\SB03-SpringBoot-MVC-Beans-test\SB03-SpringBoot-MVC-Beans-test\src\test\resources
2023-01-20 14:15:30,001 [Worker-3: Loading available Gradle versions] INFO  o.e.b.c.i.u.g.PublishedGradleVersions - Gradle version information cache is up-to-date. Trying to read.
2023-01-21 21:37:18,448 [Worker-3: Loading available Gradle versions] INFO  o.e.b.c.i.u.g.PublishedGradleVersions - Gradle version information cache is up-to-date. Trying to read.
2023-01-21 22:12:35,291 [Worker-26: Building] WARN  o.e.m.c.i.embedder.EclipseLogger - Using platform encoding (UTF-8 actually) to copy filtered resources, i.e. build is platform dependent!
2023-01-21 22:12:35,301 [Worker-26: Building] INFO  o.e.m.c.i.embedder.EclipseLogger - skip non existing resourceDirectory C:\Users\sai chakravarthi\OneDrive\Desktop\Automation\CoreJavaTraninig\Introduction\src\test\resources
2023-01-21 22:12:41,586 [Worker-22: Building] INFO  o.a.m.s.f.DefaultMavenResourcesFiltering - Copying 1 resource
2023-01-21 22:12:41,612 [Worker-22: Building] INFO  o.a.m.s.f.DefaultMavenResourcesFiltering - Copying 0 resource
2023-01-21 22:12:41,620 [Worker-22: Building] INFO  o.a.m.s.f.DefaultMavenResourcesFiltering - skip non existing resourceDirectory C:\Users\sai chakravarthi\OneDrive\Desktop\Automation\CoreJavaTraninig\SB03-SpringBoot-MVC-Beans-test\SB03-SpringBoot-MVC-Beans-test\src\test\resources
2023-01-23 10:45:05,315 [Worker-5: Loading available Gradle versions] INFO  o.e.b.c.i.u.g.PublishedGradleVersions - Gradle version information cache is out-of-date. Trying to update.
2023-01-23 13:51:19,374 [Worker-3: Loading available Gradle versions] INFO  o.e.b.c.i.u.g.PublishedGradleVersions - Gradle version information cache is up-to-date. Trying to read.
2023-01-23 14:29:19,466 [Worker-3: Loading available Gradle versions] INFO  o.e.b.c.i.u.g.PublishedGradleVersions - Gradle version information cache is up-to-date. Trying to read.
2023-01-25 11:17:38,976 [Worker-1: Loading available Gradle versions] INFO  o.e.b.c.i.u.g.PublishedGradleVersions - Gradle version information cache is up-to-date. Trying to read.
2023-01-25 13:43:27,715 [Worker-5: Loading available Gradle versions] INFO  o.e.b.c.i.u.g.PublishedGradleVersions - Gradle version information cache is up-to-date. Trying to read.
2023-01-26 22:25:21,195 [Worker-5: Loading available Gradle versions] INFO  o.e.b.c.i.u.g.PublishedGradleVersions - Gradle version information cache is out-of-date. Trying to update.
2023-01-26 22:25:44,212 [Worker-10: Building] WARN  o.e.m.c.i.embedder.EclipseLogger - Using platform encoding (UTF-8 actually) to copy filtered resources, i.e. build is platform dependent!
2023-01-26 22:25:44,217 [Worker-10: Building] INFO  o.e.m.c.i.embedder.EclipseLogger - skip non existing resourceDirectory C:\Users\sai chakravarthi\OneDrive\Desktop\Automation\CoreJavaTraninig\Introduction\src\test\resources
2023-01-26 22:25:49,273 [Worker-9: Building] INFO  o.a.m.s.f.DefaultMavenResourcesFiltering - Copying 1 resource
2023-01-26 22:25:49,293 [Worker-9: Building] INFO  o.a.m.s.f.DefaultMavenResourcesFiltering - Copying 0 resource
2023-01-26 22:25:49,300 [Worker-9: Building] INFO  o.a.m.s.f.DefaultMavenResourcesFiltering - skip non existing resourceDirectory C:\Users\sai chakravarthi\OneDrive\Desktop\Automation\CoreJavaTraninig\SB03-SpringBoot-MVC-Beans-test\SB03-SpringBoot-MVC-Beans-test\src\test\resources
2023-01-29 10:19:27,975 [Worker-3: Loading available Gradle versions] INFO  o.e.b.c.i.u.g.PublishedGradleVersions - Gradle version information cache is up-to-date. Trying to read.
2023-01-29 14:08:14,442 [Worker-5: Loading available Gradle versions] INFO  o.e.b.c.i.u.g.PublishedGradleVersions - Gradle version information cache is up-to-date. Trying to read.
2023-01-31 13:00:50,114 [Worker-5: Loading available Gradle versions] INFO  o.e.b.c.i.u.g.PublishedGradleVersions - Gradle version information cache is out-of-date. Trying to update.
2023-02-14 12:07:19,770 [Worker-5: Loading available Gradle versions] INFO  o.e.b.c.i.u.g.PublishedGradleVersions - Gradle version information cache is up-to-date. Trying to read.
2023-02-14 12:20:59,761 [Worker-25: Building] WARN  o.e.m.c.i.embedder.EclipseLogger - Using platform encoding (UTF-8 actually) to copy filtered resources, i.e. build is platform dependent!
2023-02-14 12:20:59,772 [Worker-25: Building] INFO  o.e.m.c.i.embedder.EclipseLogger - skip non existing resourceDirectory C:\Users\sai chakravarthi\OneDrive\Desktop\Automation\CoreJavaTraninig\Introduction\src\test\resources
2023-02-14 12:21:05,712 [Worker-23: Building] INFO  o.a.m.s.f.DefaultMavenResourcesFiltering - Copying 1 resource
2023-02-14 12:21:05,738 [Worker-23: Building] INFO  o.a.m.s.f.DefaultMavenResourcesFiltering - Copying 0 resource
2023-02-14 12:21:05,748 [Worker-23: Building] INFO  o.a.m.s.f.DefaultMavenResourcesFiltering - skip non existing resourceDirectory C:\Users\sai chakravarthi\OneDrive\Desktop\Automation\CoreJavaTraninig\SB03-SpringBoot-MVC-Beans-test\SB03-SpringBoot-MVC-Beans-test\src\test\resources
2023-02-14 15:32:26,916 [Worker-5: Loading available Gradle versions] INFO  o.e.b.c.i.u.g.PublishedGradleVersions - Gradle version information cache is out-of-date. Trying to update.
2023-02-15 16:56:02,600 [Worker-3: Loading available Gradle versions] INFO  o.e.b.c.i.u.g.PublishedGradleVersions - Gradle version information cache is out-of-date. Trying to update.
2023-02-15 16:57:35,032 [Worker-0: Building] WARN  o.e.m.c.i.embedder.EclipseLogger - Using platform encoding (UTF-8 actually) to copy filtered resources, i.e. build is platform dependent!
2023-02-15 16:57:35,039 [Worker-0: Building] INFO  o.e.m.c.i.embedder.EclipseLogger - skip non existing resourceDirectory C:\Users\sai chakravarthi\OneDrive\Desktop\Automation\CoreJavaTraninig\Introduction\src\test\resources
2023-02-15 16:57:41,859 [Worker-12: Building] INFO  o.a.m.s.f.DefaultMavenResourcesFiltering - Copying 1 resource
2023-02-15 16:57:41,887 [Worker-12: Building] INFO  o.a.m.s.f.DefaultMavenResourcesFiltering - Copying 0 resource
2023-02-15 16:57:41,894 [Worker-12: Building] INFO  o.a.m.s.f.DefaultMavenResourcesFiltering - skip non existing resourceDirectory C:\Users\sai chakravarthi\OneDrive\Desktop\Automation\CoreJavaTraninig\SB03-SpringBoot-MVC-Beans-test\SB03-SpringBoot-MVC-Beans-test\src\test\resources
2023-02-16 11:59:23,648 [Worker-4: Loading available Gradle versions] INFO  o.e.b.c.i.u.g.PublishedGradleVersions - Gradle version information cache is up-to-date. Trying to read.
2023-02-16 12:48:35,598 [Worker-1: Loading available Gradle versions] INFO  o.e.b.c.i.u.g.PublishedGradleVersions - Gradle version information cache is up-to-date. Trying to read.
2023-02-20 16:31:52,303 [Worker-2: Loading available Gradle versions] INFO  o.e.b.c.i.u.g.PublishedGradleVersions - Gradle version information cache is out-of-date. Trying to update.
2023-02-20 16:32:32,386 [Worker-13: Building] WARN  o.e.m.c.i.embedder.EclipseLogger - Using platform encoding (UTF-8 actually) to copy filtered resources, i.e. build is platform dependent!
2023-02-20 16:32:32,390 [Worker-13: Building] INFO  o.e.m.c.i.embedder.EclipseLogger - skip non existing resourceDirectory C:\Users\sai chakravarthi\OneDrive\Desktop\Automation\CoreJavaTraninig\Introduction\src\test\resources
2023-02-20 16:32:38,127 [Worker-6: Building] INFO  o.a.m.s.f.DefaultMavenResourcesFiltering - Copying 1 resource
2023-02-20 16:32:38,145 [Worker-6: Building] INFO  o.a.m.s.f.DefaultMavenResourcesFiltering - Copying 0 resource
2023-02-20 16:32:38,150 [Worker-6: Building] INFO  o.a.m.s.f.DefaultMavenResourcesFiltering - skip non existing resourceDirectory C:\Users\sai chakravarthi\OneDrive\Desktop\Automation\CoreJavaTraninig\SB03-SpringBoot-MVC-Beans-test\SB03-SpringBoot-MVC-Beans-test\src\test\resources
2023-02-21 11:13:10,954 [Worker-4: Loading available Gradle versions] INFO  o.e.b.c.i.u.g.PublishedGradleVersions - Gradle version information cache is up-to-date. Trying to read.
2023-02-22 11:13:51,512 [Worker-1: Loading available Gradle versions] INFO  o.e.b.c.i.u.g.PublishedGradleVersions - Gradle version information cache is out-of-date. Trying to update.
2023-02-22 15:37:04,530 [Worker-3: Loading available Gradle versions] INFO  o.e.b.c.i.u.g.PublishedGradleVersions - Gradle version information cache is up-to-date. Trying to read.
2023-02-23 11:20:06,644 [Worker-4: Loading available Gradle versions] INFO  o.e.b.c.i.u.g.PublishedGradleVersions - Gradle version information cache is out-of-date. Trying to update.
2023-02-23 11:21:48,525 [Worker-1: Building] WARN  o.e.m.c.i.embedder.EclipseLogger - Using platform encoding (UTF-8 actually) to copy filtered resources, i.e. build is platform dependent!
2023-02-23 11:21:48,538 [Worker-1: Building] INFO  o.e.m.c.i.embedder.EclipseLogger - skip non existing resourceDirectory C:\Users\sai chakravarthi\OneDrive\Desktop\Automation\CoreJavaTraninig\Introduction\src\test\resources
2023-02-23 11:21:55,050 [Worker-7: Building] INFO  o.a.m.s.f.DefaultMavenResourcesFiltering - Copying 1 resource
2023-02-23 11:21:55,091 [Worker-7: Building] INFO  o.a.m.s.f.DefaultMavenResourcesFiltering - Copying 0 resource
2023-02-23 11:21:55,102 [Worker-7: Building] INFO  o.a.m.s.f.DefaultMavenResourcesFiltering - skip non existing resourceDirectory C:\Users\sai chakravarthi\OneDrive\Desktop\Automation\CoreJavaTraninig\SB03-SpringBoot-MVC-Beans-test\SB03-SpringBoot-MVC-Beans-test\src\test\resources
2023-02-24 12:42:06,427 [Worker-2: Loading available Gradle versions] INFO  o.e.b.c.i.u.g.PublishedGradleVersions - Gradle version information cache is up-to-date. Trying to read.
2023-02-24 16:02:33,506 [Worker-4: Loading available Gradle versions] INFO  o.e.b.c.i.u.g.PublishedGradleVersions - Gradle version information cache is up-to-date. Trying to read.
2023-02-24 16:02:40,873 [Worker-0: Building] WARN  o.e.m.c.i.embedder.EclipseLogger - Using platform encoding (UTF-8 actually) to copy filtered resources, i.e. build is platform dependent!
2023-02-24 16:02:40,878 [Worker-0: Building] INFO  o.e.m.c.i.embedder.EclipseLogger - skip non existing resourceDirectory C:\Users\sai chakravarthi\OneDrive\Desktop\Automation\CoreJavaTraninig\Introduction\src\test\resources
2023-02-24 16:02:45,501 [Worker-0: Building] INFO  o.a.m.s.f.DefaultMavenResourcesFiltering - Copying 1 resource
2023-02-24 16:02:45,520 [Worker-0: Building] INFO  o.a.m.s.f.DefaultMavenResourcesFiltering - Copying 0 resource
2023-02-24 16:02:45,526 [Worker-0: Building] INFO  o.a.m.s.f.DefaultMavenResourcesFiltering - skip non existing resourceDirectory C:\Users\sai chakravarthi\OneDrive\Desktop\Automation\CoreJavaTraninig\SB03-SpringBoot-MVC-Beans-test\SB03-SpringBoot-MVC-Beans-test\src\test\resources
2023-02-26 16:07:33,301 [Worker-2: Loading available Gradle versions] INFO  o.e.b.c.i.u.g.PublishedGradleVersions - Gradle version information cache is out-of-date. Trying to update.
2023-03-02 11:10:37,504 [Worker-3: Loading available Gradle versions] INFO  o.e.b.c.i.u.g.PublishedGradleVersions - Gradle version information cache is up-to-date. Trying to read.
2023-03-02 13:51:28,474 [Worker-3: Loading available Gradle versions] INFO  o.e.b.c.i.u.g.PublishedGradleVersions - Gradle version information cache is out-of-date. Trying to update.
2023-03-02 15:29:08,009 [Worker-1: Loading available Gradle versions] INFO  o.e.b.c.i.u.g.PublishedGradleVersions - Gradle version information cache is up-to-date. Trying to read.
2023-03-02 16:37:19,011 [Worker-4: Loading available Gradle versions] INFO  o.e.b.c.i.u.g.PublishedGradleVersions - Gradle version information cache is up-to-date. Trying to read.
2023-03-02 18:58:05,167 [Worker-2: Loading available Gradle versions] INFO  o.e.b.c.i.u.g.PublishedGradleVersions - Gradle version information cache is up-to-date. Trying to read.
2023-03-02 19:00:41,112 [Worker-6: Building] WARN  o.e.m.c.i.embedder.EclipseLogger - Using platform encoding (UTF-8 actually) to copy filtered resources, i.e. build is platform dependent!
2023-03-02 19:00:41,117 [Worker-6: Building] INFO  o.e.m.c.i.embedder.EclipseLogger - skip non existing resourceDirectory C:\Users\sai chakravarthi\OneDrive\Desktop\Automation\CoreJavaTraninig\Introduction\src\test\resources
2023-03-02 19:00:46,241 [Worker-18: Building] INFO  o.a.m.s.f.DefaultMavenResourcesFiltering - Copying 1 resource
2023-03-02 19:00:46,282 [Worker-18: Building] INFO  o.a.m.s.f.DefaultMavenResourcesFiltering - Copying 0 resource
2023-03-02 19:00:46,290 [Worker-18: Building] INFO  o.a.m.s.f.DefaultMavenResourcesFiltering - skip non existing resourceDirectory C:\Users\sai chakravarthi\OneDrive\Desktop\Automation\CoreJavaTraninig\SB03-SpringBoot-MVC-Beans-test\SB03-SpringBoot-MVC-Beans-test\src\test\resources
2023-03-06 11:23:16,159 [Worker-2: Loading available Gradle versions] INFO  o.e.b.c.i.u.g.PublishedGradleVersions - Gradle version information cache is up-to-date. Trying to read.
2023-03-06 14:48:02,729 [Worker-2: Loading available Gradle versions] INFO  o.e.b.c.i.u.g.PublishedGradleVersions - Gradle version information cache is up-to-date. Trying to read.
2023-03-06 15:49:19,988 [Worker-1: Loading available Gradle versions] INFO  o.e.b.c.i.u.g.PublishedGradleVersions - Gradle version information cache is up-to-date. Trying to read.
2023-03-06 20:45:42,328 [Worker-5: Loading available Gradle versions] INFO  o.e.b.c.i.u.g.PublishedGradleVersions - Gradle version information cache is out-of-date. Trying to update.
2023-03-07 11:12:14,331 [Worker-1: Loading available Gradle versions] INFO  o.e.b.c.i.u.g.PublishedGradleVersions - Gradle version information cache is up-to-date. Trying to read.
2023-03-08 09:17:32,917 [Worker-4: Loading available Gradle versions] INFO  o.e.b.c.i.u.g.PublishedGradleVersions - Gradle version information cache is out-of-date. Trying to update.
2023-03-08 18:52:18,412 [Worker-2: Loading available Gradle versions] INFO  o.e.b.c.i.u.g.PublishedGradleVersions - Gradle version information cache is up-to-date. Trying to read.
2023-03-08 21:33:18,111 [Worker-1: Loading available Gradle versions] INFO  o.e.b.c.i.u.g.PublishedGradleVersions - Gradle version information cache is up-to-date. Trying to read.
2023-03-08 21:44:02,798 [Worker-21: Building] INFO  o.e.m.c.i.l.LifecycleMappingFactory - Using org.eclipse.m2e.jdt.JarLifecycleMapping lifecycle mapping for MavenProject: Introduction:Introduction:0.0.1-SNAPSHOT @ C:\Users\sai chakravarthi\OneDrive\Desktop\Automation\CoreJavaTraninig\Introduction\pom.xml.
2023-03-08 21:44:03,393 [Worker-21: Building] WARN  o.e.m.c.i.embedder.EclipseLogger - Using platform encoding (UTF-8 actually) to copy filtered resources, i.e. build is platform dependent!
2023-03-08 21:44:03,394 [Worker-21: Building] INFO  o.e.m.c.i.embedder.EclipseLogger - skip non existing resourceDirectory C:\Users\sai chakravarthi\OneDrive\Desktop\Automation\CoreJavaTraninig\Introduction\src\test\resources
2023-03-08 21:44:08,086 [Worker-22: Building] INFO  o.a.m.s.f.DefaultMavenResourcesFiltering - Copying 1 resource
2023-03-08 21:44:08,109 [Worker-22: Building] INFO  o.a.m.s.f.DefaultMavenResourcesFiltering - Copying 0 resource
2023-03-08 21:44:08,115 [Worker-22: Building] INFO  o.a.m.s.f.DefaultMavenResourcesFiltering - skip non existing resourceDirectory C:\Users\sai chakravarthi\OneDrive\Desktop\Automation\CoreJavaTraninig\SB03-SpringBoot-MVC-Beans-test\SB03-SpringBoot-MVC-Beans-test\src\test\resources
2023-03-08 21:44:58,570 [Worker-21: Building] WARN  o.e.m.c.i.embedder.EclipseLogger - Using platform encoding (UTF-8 actually) to copy filtered resources, i.e. build is platform dependent!
2023-03-08 21:44:58,574 [Worker-21: Building] INFO  o.e.m.c.i.embedder.EclipseLogger - skip non existing resourceDirectory C:\Users\sai chakravarthi\OneDrive\Desktop\Automation\CoreJavaTraninig\Introduction\src\main\resources
2023-03-08 21:44:58,576 [Worker-21: Building] WARN  o.e.m.c.i.embedder.EclipseLogger - Using platform encoding (UTF-8 actually) to copy filtered resources, i.e. build is platform dependent!
2023-03-08 21:44:58,578 [Worker-21: Building] INFO  o.e.m.c.i.embedder.EclipseLogger - skip non existing resourceDirectory C:\Users\sai chakravarthi\OneDrive\Desktop\Automation\CoreJavaTraninig\Introduction\src\test\resources
2023-03-08 21:45:39,572 [Worker-22: Building] INFO  o.e.m.c.i.l.LifecycleMappingFactory - Using org.eclipse.m2e.jdt.JarLifecycleMapping lifecycle mapping for MavenProject: Introduction:Introduction:0.0.1-SNAPSHOT @ C:\Users\sai chakravarthi\OneDrive\Desktop\Automation\CoreJavaTraninig\Introduction\pom.xml.
2023-03-08 21:45:39,917 [Worker-22: Building] WARN  o.e.m.c.i.embedder.EclipseLogger - Using platform encoding (UTF-8 actually) to copy filtered resources, i.e. build is platform dependent!
2023-03-08 21:45:39,919 [Worker-22: Building] INFO  o.e.m.c.i.embedder.EclipseLogger - skip non existing resourceDirectory C:\Users\sai chakravarthi\OneDrive\Desktop\Automation\CoreJavaTraninig\Introduction\src\test\resources
2023-03-08 21:46:02,405 [Worker-9: Updating Maven Project] INFO  o.e.m.c.i.p.ProjectConfigurationManager - Update started
2023-03-08 21:46:02,656 [Worker-9: Updating Maven Project] INFO  o.e.m.c.i.l.LifecycleMappingFactory - Using org.eclipse.m2e.jdt.JarLifecycleMapping lifecycle mapping for MavenProject: Introduction:Introduction:0.0.1-SNAPSHOT @ C:\Users\sai chakravarthi\OneDrive\Desktop\Automation\CoreJavaTraninig\Introduction\pom.xml.
2023-03-08 21:46:02,979 [Worker-9: Updating Maven Project] INFO  o.e.m.c.i.p.ProjectConfigurationManager - Update completed for 1 poms: local refresh takes 0.00 sec, refresh facades takes 0.00 sec, update config takes 0.00 sec 
2023-03-08 21:46:03,416 [Worker-25: Building] WARN  o.e.m.c.i.embedder.EclipseLogger - Using platform encoding (UTF-8 actually) to copy filtered resources, i.e. build is platform dependent!
2023-03-08 21:46:03,418 [Worker-25: Building] INFO  o.e.m.c.i.embedder.EclipseLogger - skip non existing resourceDirectory C:\Users\sai chakravarthi\OneDrive\Desktop\Automation\CoreJavaTraninig\Introduction\src\test\resources
2023-03-08 21:46:40,593 [Worker-9: Launching Executing clean in C__Users_sai chakravarthi_OneDrive_Desktop_Automation_CoreJavaTraninig_Introduction] INFO  o.eclipse.m2e.core.internal.Bundles - getClasspathEntries(Bundle=org.eclipse.m2e.maven.runtime_3.8.604.20221130-2149 [603])
2023-03-08 21:46:40,598 [Worker-9: Launching Executing clean in C__Users_sai chakravarthi_OneDrive_Desktop_Automation_CoreJavaTraninig_Introduction] INFO  o.eclipse.m2e.core.internal.Bundles - 	Entry: C:\Users\sai chakravarthi\.p2\pool\plugins\org.eclipse.m2e.maven.runtime_3.8.604.20221130-2149
2023-03-08 21:46:40,598 [Worker-9: Launching Executing clean in C__Users_sai chakravarthi_OneDrive_Desktop_Automation_CoreJavaTraninig_Introduction] INFO  o.eclipse.m2e.core.internal.Bundles - 	Entry: C:\Users\sai chakravarthi\.p2\pool\plugins\org.eclipse.m2e.maven.runtime_3.8.604.20221130-2149\jars\aether-connector-okhttp-0.17.8.jar
2023-03-08 21:46:40,599 [Worker-9: Launching Executing clean in C__Users_sai chakravarthi_OneDrive_Desktop_Automation_CoreJavaTraninig_Introduction] INFO  o.eclipse.m2e.core.internal.Bundles - 	Entry: C:\Users\sai chakravarthi\.p2\pool\plugins\org.eclipse.m2e.maven.runtime_3.8.604.20221130-2149\jars\commons-cli-1.4.jar
2023-03-08 21:46:40,599 [Worker-9: Launching Executing clean in C__Users_sai chakravarthi_OneDrive_Desktop_Automation_CoreJavaTraninig_Introduction] INFO  o.eclipse.m2e.core.internal.Bundles - 	Entry: C:\Users\sai chakravarthi\.p2\pool\plugins\org.eclipse.m2e.maven.runtime_3.8.604.20221130-2149\jars\commons-io-2.6.jar
2023-03-08 21:46:40,599 [Worker-9: Launching Executing clean in C__Users_sai chakravarthi_OneDrive_Desktop_Automation_CoreJavaTraninig_Introduction] INFO  o.eclipse.m2e.core.internal.Bundles - 	Entry: C:\Users\sai chakravarthi\.p2\pool\plugins\org.eclipse.m2e.maven.runtime_3.8.604.20221130-2149\jars\commons-lang3-3.8.1.jar
2023-03-08 21:46:40,599 [Worker-9: Launching Executing clean in C__Users_sai chakravarthi_OneDrive_Desktop_Automation_CoreJavaTraninig_Introduction] INFO  o.eclipse.m2e.core.internal.Bundles - 	Entry: C:\Users\sai chakravarthi\.p2\pool\plugins\org.eclipse.m2e.maven.runtime_3.8.604.20221130-2149\jars\guice-4.2.2-no_aop.jar
2023-03-08 21:46:40,599 [Worker-9: Launching Executing clean in C__Users_sai chakravarthi_OneDrive_Desktop_Automation_CoreJavaTraninig_Introduction] INFO  o.eclipse.m2e.core.internal.Bundles - 	Entry: C:\Users\sai chakravarthi\.p2\pool\plugins\org.eclipse.m2e.maven.runtime_3.8.604.20221130-2149\jars\jansi-2.4.0.jar
2023-03-08 21:46:40,599 [Worker-9: Launching Executing clean in C__Users_sai chakravarthi_OneDrive_Desktop_Automation_CoreJavaTraninig_Introduction] INFO  o.eclipse.m2e.core.internal.Bundles - 	Entry: C:\Users\sai chakravarthi\.p2\pool\plugins\org.eclipse.m2e.maven.runtime_3.8.604.20221130-2149\jars\maven-artifact-3.8.6.jar
2023-03-08 21:46:40,599 [Worker-9: Launching Executing clean in C__Users_sai chakravarthi_OneDrive_Desktop_Automation_CoreJavaTraninig_Introduction] INFO  o.eclipse.m2e.core.internal.Bundles - 	Entry: C:\Users\sai chakravarthi\.p2\pool\plugins\org.eclipse.m2e.maven.runtime_3.8.604.20221130-2149\jars\maven-builder-support-3.8.6.jar
2023-03-08 21:46:40,600 [Worker-9: Launching Executing clean in C__Users_sai chakravarthi_OneDrive_Desktop_Automation_CoreJavaTraninig_Introduction] INFO  o.eclipse.m2e.core.internal.Bundles - 	Entry: C:\Users\sai chakravarthi\.p2\pool\plugins\org.eclipse.m2e.maven.runtime_3.8.604.20221130-2149\jars\maven-compat-3.8.6.jar
2023-03-08 21:46:40,600 [Worker-9: Launching Executing clean in C__Users_sai chakravarthi_OneDrive_Desktop_Automation_CoreJavaTraninig_Introduction] INFO  o.eclipse.m2e.core.internal.Bundles - 	Entry: C:\Users\sai chakravarthi\.p2\pool\plugins\org.eclipse.m2e.maven.runtime_3.8.604.20221130-2149\jars\maven-core-3.8.6.jar
2023-03-08 21:46:40,600 [Worker-9: Launching Executing clean in C__Users_sai chakravarthi_OneDrive_Desktop_Automation_CoreJavaTraninig_Introduction] INFO  o.eclipse.m2e.core.internal.Bundles - 	Entry: C:\Users\sai chakravarthi\.p2\pool\plugins\org.eclipse.m2e.maven.runtime_3.8.604.20221130-2149\jars\maven-embedder-3.8.6.jar
2023-03-08 21:46:40,600 [Worker-9: Launching Executing clean in C__Users_sai chakravarthi_OneDrive_Desktop_Automation_CoreJavaTraninig_Introduction] INFO  o.eclipse.m2e.core.internal.Bundles - 	Entry: C:\Users\sai chakravarthi\.p2\pool\plugins\org.eclipse.m2e.maven.runtime_3.8.604.20221130-2149\jars\maven-model-3.8.6.jar
2023-03-08 21:46:40,600 [Worker-9: Launching Executing clean in C__Users_sai chakravarthi_OneDrive_Desktop_Automation_CoreJavaTraninig_Introduction] INFO  o.eclipse.m2e.core.internal.Bundles - 	Entry: C:\Users\sai chakravarthi\.p2\pool\plugins\org.eclipse.m2e.maven.runtime_3.8.604.20221130-2149\jars\maven-model-builder-3.8.6.jar
2023-03-08 21:46:40,600 [Worker-9: Launching Executing clean in C__Users_sai chakravarthi_OneDrive_Desktop_Automation_CoreJavaTraninig_Introduction] INFO  o.eclipse.m2e.core.internal.Bundles - 	Entry: C:\Users\sai chakravarthi\.p2\pool\plugins\org.eclipse.m2e.maven.runtime_3.8.604.20221130-2149\jars\maven-plugin-api-3.8.6.jar
2023-03-08 21:46:40,601 [Worker-9: Launching Executing clean in C__Users_sai chakravarthi_OneDrive_Desktop_Automation_CoreJavaTraninig_Introduction] INFO  o.eclipse.m2e.core.internal.Bundles - 	Entry: C:\Users\sai chakravarthi\.p2\pool\plugins\org.eclipse.m2e.maven.runtime_3.8.604.20221130-2149\jars\maven-repository-metadata-3.8.6.jar
2023-03-08 21:46:40,601 [Worker-9: Launching Executing clean in C__Users_sai chakravarthi_OneDrive_Desktop_Automation_CoreJavaTraninig_Introduction] INFO  o.eclipse.m2e.core.internal.Bundles - 	Entry: C:\Users\sai chakravarthi\.p2\pool\plugins\org.eclipse.m2e.maven.runtime_3.8.604.20221130-2149\jars\maven-resolver-api-1.6.3.jar
2023-03-08 21:46:40,601 [Worker-9: Launching Executing clean in C__Users_sai chakravarthi_OneDrive_Desktop_Automation_CoreJavaTraninig_Introduction] INFO  o.eclipse.m2e.core.internal.Bundles - 	Entry: C:\Users\sai chakravarthi\.p2\pool\plugins\org.eclipse.m2e.maven.runtime_3.8.604.20221130-2149\jars\maven-resolver-connector-basic-1.6.3.jar
2023-03-08 21:46:40,601 [Worker-9: Launching Executing clean in C__Users_sai chakravarthi_OneDrive_Desktop_Automation_CoreJavaTraninig_Introduction] INFO  o.eclipse.m2e.core.internal.Bundles - 	Entry: C:\Users\sai chakravarthi\.p2\pool\plugins\org.eclipse.m2e.maven.runtime_3.8.604.20221130-2149\jars\maven-resolver-impl-1.6.3.jar
2023-03-08 21:46:40,601 [Worker-9: Launching Executing clean in C__Users_sai chakravarthi_OneDrive_Desktop_Automation_CoreJavaTraninig_Introduction] INFO  o.eclipse.m2e.core.internal.Bundles - 	Entry: C:\Users\sai chakravarthi\.p2\pool\plugins\org.eclipse.m2e.maven.runtime_3.8.604.20221130-2149\jars\maven-resolver-provider-3.8.6.jar
2023-03-08 21:46:40,601 [Worker-9: Launching Executing clean in C__Users_sai chakravarthi_OneDrive_Desktop_Automation_CoreJavaTraninig_Introduction] INFO  o.eclipse.m2e.core.internal.Bundles - 	Entry: C:\Users\sai chakravarthi\.p2\pool\plugins\org.eclipse.m2e.maven.runtime_3.8.604.20221130-2149\jars\maven-resolver-spi-1.6.3.jar
2023-03-08 21:46:40,601 [Worker-9: Launching Executing clean in C__Users_sai chakravarthi_OneDrive_Desktop_Automation_CoreJavaTraninig_Introduction] INFO  o.eclipse.m2e.core.internal.Bundles - 	Entry: C:\Users\sai chakravarthi\.p2\pool\plugins\org.eclipse.m2e.maven.runtime_3.8.604.20221130-2149\jars\maven-resolver-transport-wagon-1.6.3.jar
2023-03-08 21:46:40,601 [Worker-9: Launching Executing clean in C__Users_sai chakravarthi_OneDrive_Desktop_Automation_CoreJavaTraninig_Introduction] INFO  o.eclipse.m2e.core.internal.Bundles - 	Entry: C:\Users\sai chakravarthi\.p2\pool\plugins\org.eclipse.m2e.maven.runtime_3.8.604.20221130-2149\jars\maven-resolver-util-1.6.3.jar
2023-03-08 21:46:40,602 [Worker-9: Launching Executing clean in C__Users_sai chakravarthi_OneDrive_Desktop_Automation_CoreJavaTraninig_Introduction] INFO  o.eclipse.m2e.core.internal.Bundles - 	Entry: C:\Users\sai chakravarthi\.p2\pool\plugins\org.eclipse.m2e.maven.runtime_3.8.604.20221130-2149\jars\maven-settings-3.8.6.jar
2023-03-08 21:46:40,602 [Worker-9: Launching Executing clean in C__Users_sai chakravarthi_OneDrive_Desktop_Automation_CoreJavaTraninig_Introduction] INFO  o.eclipse.m2e.core.internal.Bundles - 	Entry: C:\Users\sai chakravarthi\.p2\pool\plugins\org.eclipse.m2e.maven.runtime_3.8.604.20221130-2149\jars\maven-settings-builder-3.8.6.jar
2023-03-08 21:46:40,602 [Worker-9: Launching Executing clean in C__Users_sai chakravarthi_OneDrive_Desktop_Automation_CoreJavaTraninig_Introduction] INFO  o.eclipse.m2e.core.internal.Bundles - 	Entry: C:\Users\sai chakravarthi\.p2\pool\plugins\org.eclipse.m2e.maven.runtime_3.8.604.20221130-2149\jars\maven-shared-utils-3.3.4.jar
2023-03-08 21:46:40,602 [Worker-9: Launching Executing clean in C__Users_sai chakravarthi_OneDrive_Desktop_Automation_CoreJavaTraninig_Introduction] INFO  o.eclipse.m2e.core.internal.Bundles - 	Entry: C:\Users\sai chakravarthi\.p2\pool\plugins\org.eclipse.m2e.maven.runtime_3.8.604.20221130-2149\jars\okhttp-3.14.1.jar
2023-03-08 21:46:40,602 [Worker-9: Launching Executing clean in C__Users_sai chakravarthi_OneDrive_Desktop_Automation_CoreJavaTraninig_Introduction] INFO  o.eclipse.m2e.core.internal.Bundles - 	Entry: C:\Users\sai chakravarthi\.p2\pool\plugins\org.eclipse.m2e.maven.runtime_3.8.604.20221130-2149\jars\okio-1.17.3.jar
2023-03-08 21:46:40,602 [Worker-9: Launching Executing clean in C__Users_sai chakravarthi_OneDrive_Desktop_Automation_CoreJavaTraninig_Introduction] INFO  o.eclipse.m2e.core.internal.Bundles - 	Entry: C:\Users\sai chakravarthi\.p2\pool\plugins\org.eclipse.m2e.maven.runtime_3.8.604.20221130-2149\jars\org.eclipse.sisu.inject-0.3.5.jar
2023-03-08 21:46:40,602 [Worker-9: Launching Executing clean in C__Users_sai chakravarthi_OneDrive_Desktop_Automation_CoreJavaTraninig_Introduction] INFO  o.eclipse.m2e.core.internal.Bundles - 	Entry: C:\Users\sai chakravarthi\.p2\pool\plugins\org.eclipse.m2e.maven.runtime_3.8.604.20221130-2149\jars\org.eclipse.sisu.plexus-0.3.5.jar
2023-03-08 21:46:40,603 [Worker-9: Launching Executing clean in C__Users_sai chakravarthi_OneDrive_Desktop_Automation_CoreJavaTraninig_Introduction] INFO  o.eclipse.m2e.core.internal.Bundles - 	Entry: C:\Users\sai chakravarthi\.p2\pool\plugins\org.eclipse.m2e.maven.runtime_3.8.604.20221130-2149\jars\plexus-build-api-0.0.7.jar
2023-03-08 21:46:40,603 [Worker-9: Launching Executing clean in C__Users_sai chakravarthi_OneDrive_Desktop_Automation_CoreJavaTraninig_Introduction] INFO  o.eclipse.m2e.core.internal.Bundles - 	Entry: C:\Users\sai chakravarthi\.p2\pool\plugins\org.eclipse.m2e.maven.runtime_3.8.604.20221130-2149\jars\plexus-cipher-2.0.jar
2023-03-08 21:46:40,603 [Worker-9: Launching Executing clean in C__Users_sai chakravarthi_OneDrive_Desktop_Automation_CoreJavaTraninig_Introduction] INFO  o.eclipse.m2e.core.internal.Bundles - 	Entry: C:\Users\sai chakravarthi\.p2\pool\plugins\org.eclipse.m2e.maven.runtime_3.8.604.20221130-2149\jars\plexus-classworlds-2.6.0.jar
2023-03-08 21:46:40,603 [Worker-9: Launching Executing clean in C__Users_sai chakravarthi_OneDrive_Desktop_Automation_CoreJavaTraninig_Introduction] INFO  o.eclipse.m2e.core.internal.Bundles - 	Entry: C:\Users\sai chakravarthi\.p2\pool\plugins\org.eclipse.m2e.maven.runtime_3.8.604.20221130-2149\jars\plexus-component-annotations-2.1.0.jar
2023-03-08 21:46:40,603 [Worker-9: Launching Executing clean in C__Users_sai chakravarthi_OneDrive_Desktop_Automation_CoreJavaTraninig_Introduction] INFO  o.eclipse.m2e.core.internal.Bundles - 	Entry: C:\Users\sai chakravarthi\.p2\pool\plugins\org.eclipse.m2e.maven.runtime_3.8.604.20221130-2149\jars\plexus-interpolation-1.26.jar
2023-03-08 21:46:40,603 [Worker-9: Launching Executing clean in C__Users_sai chakravarthi_OneDrive_Desktop_Automation_CoreJavaTraninig_Introduction] INFO  o.eclipse.m2e.core.internal.Bundles - 	Entry: C:\Users\sai chakravarthi\.p2\pool\plugins\org.eclipse.m2e.maven.runtime_3.8.604.20221130-2149\jars\plexus-sec-dispatcher-2.0.jar
2023-03-08 21:46:40,603 [Worker-9: Launching Executing clean in C__Users_sai chakravarthi_OneDrive_Desktop_Automation_CoreJavaTraninig_Introduction] INFO  o.eclipse.m2e.core.internal.Bundles - 	Entry: C:\Users\sai chakravarthi\.p2\pool\plugins\org.eclipse.m2e.maven.runtime_3.8.604.20221130-2149\jars\plexus-utils-3.3.1.jar
2023-03-08 21:46:40,603 [Worker-9: Launching Executing clean in C__Users_sai chakravarthi_OneDrive_Desktop_Automation_CoreJavaTraninig_Introduction] INFO  o.eclipse.m2e.core.internal.Bundles - 	Entry: C:\Users\sai chakravarthi\.p2\pool\plugins\org.eclipse.m2e.maven.runtime_3.8.604.20221130-2149\jars\wagon-file-3.5.1.jar
2023-03-08 21:46:40,604 [Worker-9: Launching Executing clean in C__Users_sai chakravarthi_OneDrive_Desktop_Automation_CoreJavaTraninig_Introduction] INFO  o.eclipse.m2e.core.internal.Bundles - 	Entry: C:\Users\sai chakravarthi\.p2\pool\plugins\org.eclipse.m2e.maven.runtime_3.8.604.20221130-2149\jars\wagon-provider-api-3.5.1.jar
2023-03-08 21:46:40,605 [Worker-9: Launching Executing clean in C__Users_sai chakravarthi_OneDrive_Desktop_Automation_CoreJavaTraninig_Introduction] INFO  o.eclipse.m2e.core.internal.Bundles - getClasspathEntries(Bundle=com.google.guava_30.1.0.v20221112-0806 [10])
2023-03-08 21:46:40,608 [Worker-9: Launching Executing clean in C__Users_sai chakravarthi_OneDrive_Desktop_Automation_CoreJavaTraninig_Introduction] INFO  o.eclipse.m2e.core.internal.Bundles - 	Entry: C:\Users\sai chakravarthi\.p2\pool\plugins\com.google.guava_30.1.0.v20221112-0806.jar
2023-03-08 21:46:40,608 [Worker-9: Launching Executing clean in C__Users_sai chakravarthi_OneDrive_Desktop_Automation_CoreJavaTraninig_Introduction] INFO  o.eclipse.m2e.core.internal.Bundles - getClasspathEntries(Bundle=slf4j.api_1.7.36 [915])
2023-03-08 21:46:40,609 [Worker-9: Launching Executing clean in C__Users_sai chakravarthi_OneDrive_Desktop_Automation_CoreJavaTraninig_Introduction] INFO  o.eclipse.m2e.core.internal.Bundles - 	Entry: C:\Users\sai chakravarthi\.p2\pool\plugins\slf4j.api_1.7.36.jar
2023-03-08 21:46:40,609 [Worker-9: Launching Executing clean in C__Users_sai chakravarthi_OneDrive_Desktop_Automation_CoreJavaTraninig_Introduction] INFO  o.eclipse.m2e.core.internal.Bundles - getClasspathEntries(Bundle=javax.inject_1.0.0.v20220405-0441 [32])
2023-03-08 21:46:40,610 [Worker-9: Launching Executing clean in C__Users_sai chakravarthi_OneDrive_Desktop_Automation_CoreJavaTraninig_Introduction] INFO  o.eclipse.m2e.core.internal.Bundles - 	Entry: C:\Users\sai chakravarthi\.p2\pool\plugins\javax.inject_1.0.0.v20220405-0441.jar
2023-03-08 21:46:40,610 [Worker-9: Launching Executing clean in C__Users_sai chakravarthi_OneDrive_Desktop_Automation_CoreJavaTraninig_Introduction] INFO  o.eclipse.m2e.core.internal.Bundles - getClasspathEntries(Bundle=javax.annotation_1.3.5.v20221112-0806 [30])
2023-03-08 21:46:40,612 [Worker-9: Launching Executing clean in C__Users_sai chakravarthi_OneDrive_Desktop_Automation_CoreJavaTraninig_Introduction] INFO  o.eclipse.m2e.core.internal.Bundles - 	Entry: C:\Users\sai chakravarthi\.p2\pool\plugins\javax.annotation_1.3.5.v20221112-0806.jar
2023-03-08 21:46:40,616 [Worker-9: Launching Executing clean in C__Users_sai chakravarthi_OneDrive_Desktop_Automation_CoreJavaTraninig_Introduction] INFO  o.e.m.i.launch.MavenLaunchDelegate - Run build in "C:\Users\sai chakravarthi\OneDrive\Desktop\Automation\CoreJavaTraninig\Introduction":
2023-03-08 21:46:40,620 [Worker-9: Launching Executing clean in C__Users_sai chakravarthi_OneDrive_Desktop_Automation_CoreJavaTraninig_Introduction] INFO  o.e.m.i.launch.MavenLaunchDelegate -  mvn  -B -Dstyle.color=always clean
2023-03-08 21:46:40,620 [Worker-9: Launching Executing clean in C__Users_sai chakravarthi_OneDrive_Desktop_Automation_CoreJavaTraninig_Introduction] WARN  o.e.m.i.l.MavenLaunchExtensionsSupport - Unknown or unsupported source locator org.eclipse.jdt.internal.launching.sourcelookup.advanced.AdvancedSourceLookupDirector
2023-03-08 21:46:44,603 [Worker-9: Building] WARN  o.e.m.c.i.embedder.EclipseLogger - Using platform encoding (UTF-8 actually) to copy filtered resources, i.e. build is platform dependent!
2023-03-08 21:46:44,605 [Worker-9: Building] INFO  o.e.m.c.i.embedder.EclipseLogger - skip non existing resourceDirectory C:\Users\sai chakravarthi\OneDrive\Desktop\Automation\CoreJavaTraninig\Introduction\src\main\resources
2023-03-08 21:46:44,609 [Worker-9: Building] WARN  o.e.m.c.i.embedder.EclipseLogger - Using platform encoding (UTF-8 actually) to copy filtered resources, i.e. build is platform dependent!
2023-03-08 21:46:44,611 [Worker-9: Building] INFO  o.e.m.c.i.embedder.EclipseLogger - skip non existing resourceDirectory C:\Users\sai chakravarthi\OneDrive\Desktop\Automation\CoreJavaTraninig\Introduction\src\test\resources
2023-03-08 21:47:04,329 [Worker-21: Updating Maven Project] INFO  o.e.m.c.i.p.ProjectConfigurationManager - Update started
2023-03-08 21:47:04,617 [Worker-21: Updating Maven Project] INFO  o.e.m.c.i.l.LifecycleMappingFactory - Using org.eclipse.m2e.jdt.JarLifecycleMapping lifecycle mapping for MavenProject: Introduction:Introduction:0.0.1-SNAPSHOT @ C:\Users\sai chakravarthi\OneDrive\Desktop\Automation\CoreJavaTraninig\Introduction\pom.xml.
2023-03-08 21:47:04,874 [Worker-21: Updating Maven Project] INFO  o.e.m.c.i.p.ProjectConfigurationManager - Update completed for 1 poms: local refresh takes 0.00 sec, refresh facades takes 0.00 sec, update config takes 0.00 sec 
2023-03-08 21:47:05,367 [Worker-21: Building] WARN  o.e.m.c.i.embedder.EclipseLogger - Using platform encoding (UTF-8 actually) to copy filtered resources, i.e. build is platform dependent!
2023-03-08 21:47:05,370 [Worker-21: Building] INFO  o.e.m.c.i.embedder.EclipseLogger - skip non existing resourceDirectory C:\Users\sai chakravarthi\OneDrive\Desktop\Automation\CoreJavaTraninig\Introduction\src\test\resources
2023-03-08 21:49:27,429 [Worker-21: Building] INFO  o.e.m.c.i.l.LifecycleMappingFactory - Using org.eclipse.m2e.jdt.JarLifecycleMapping lifecycle mapping for MavenProject: Introduction:Introduction:0.0.1-SNAPSHOT @ C:\Users\sai chakravarthi\OneDrive\Desktop\Automation\CoreJavaTraninig\Introduction\pom.xml.
2023-03-08 21:49:27,913 [Worker-21: Building] WARN  o.e.m.c.i.embedder.EclipseLogger - Using platform encoding (UTF-8 actually) to copy filtered resources, i.e. build is platform dependent!
2023-03-08 21:49:27,914 [Worker-21: Building] INFO  o.e.m.c.i.embedder.EclipseLogger - skip non existing resourceDirectory C:\Users\sai chakravarthi\OneDrive\Desktop\Automation\CoreJavaTraninig\Introduction\src\test\resources
2023-03-08 21:49:28,859 [Worker-27: Download sources and javadoc] INFO  o.e.m.c.i.e.AbstractTransferListenerAdapter - Downloading https://repo.maven.apache.org/maven2/org/apache/maven/plugins/maven-compiler-plugin/3.11.0/maven-compiler-plugin-3.11.0-sources.jar
2023-03-08 21:49:28,907 [Worker-27: Download sources and javadoc] INFO  o.e.m.c.i.e.AbstractTransferListenerAdapter - Downloaded https://repo.maven.apache.org/maven2/org/apache/maven/plugins/maven-compiler-plugin/3.11.0/maven-compiler-plugin-3.11.0-sources.jar
2023-03-08 21:49:28,911 [Worker-27: Download sources and javadoc] INFO  o.e.m.j.internal.DownloadSourcesJob - Downloaded sources for org.apache.maven.plugins:maven-compiler-plugin:3.11.0
2023-03-08 21:49:28,937 [Worker-27: Download sources and javadoc] INFO  o.e.m.c.i.e.AbstractTransferListenerAdapter - Downloading https://repo.maven.apache.org/maven2/org/apache/maven/shared/maven-shared-utils/3.3.4/maven-shared-utils-3.3.4-sources.jar
2023-03-08 21:49:28,985 [Worker-27: Download sources and javadoc] INFO  o.e.m.c.i.e.AbstractTransferListenerAdapter - Downloaded https://repo.maven.apache.org/maven2/org/apache/maven/shared/maven-shared-utils/3.3.4/maven-shared-utils-3.3.4-sources.jar
2023-03-08 21:49:28,988 [Worker-27: Download sources and javadoc] INFO  o.e.m.j.internal.DownloadSourcesJob - Downloaded sources for org.apache.maven.shared:maven-shared-utils:3.3.4
2023-03-08 21:49:29,041 [Worker-27: Download sources and javadoc] INFO  o.e.m.c.i.e.AbstractTransferListenerAdapter - Downloading https://repo.maven.apache.org/maven2/commons-io/commons-io/2.6/commons-io-2.6-sources.jar
2023-03-08 21:49:29,155 [Worker-27: Download sources and javadoc] INFO  o.e.m.c.i.e.AbstractTransferListenerAdapter - Downloaded https://repo.maven.apache.org/maven2/commons-io/commons-io/2.6/commons-io-2.6-sources.jar
2023-03-08 21:49:29,158 [Worker-27: Download sources and javadoc] INFO  o.e.m.j.internal.DownloadSourcesJob - Downloaded sources for commons-io:commons-io:2.6
2023-03-08 21:49:29,213 [Worker-27: Download sources and javadoc] INFO  o.e.m.c.i.e.AbstractTransferListenerAdapter - Downloading https://repo.maven.apache.org/maven2/org/apache/maven/shared/maven-shared-incremental/1.1/maven-shared-incremental-1.1-sources.jar
2023-03-08 21:49:29,225 [Worker-27: Download sources and javadoc] INFO  o.e.m.c.i.e.AbstractTransferListenerAdapter - Downloaded https://repo.maven.apache.org/maven2/org/apache/maven/shared/maven-shared-incremental/1.1/maven-shared-incremental-1.1-sources.jar
2023-03-08 21:49:29,228 [Worker-27: Download sources and javadoc] INFO  o.e.m.j.internal.DownloadSourcesJob - Downloaded sources for org.apache.maven.shared:maven-shared-incremental:1.1
2023-03-08 21:49:29,264 [Worker-27: Download sources and javadoc] INFO  o.e.m.c.i.e.AbstractTransferListenerAdapter - Downloading https://repo.maven.apache.org/maven2/org/codehaus/plexus/plexus-component-annotations/1.5.5/plexus-component-annotations-1.5.5-sources.jar
2023-03-08 21:49:29,280 [Worker-27: Download sources and javadoc] INFO  o.e.m.c.i.e.AbstractTransferListenerAdapter - Downloaded https://repo.maven.apache.org/maven2/org/codehaus/plexus/plexus-component-annotations/1.5.5/plexus-component-annotations-1.5.5-sources.jar
2023-03-08 21:49:29,283 [Worker-27: Download sources and javadoc] INFO  o.e.m.j.internal.DownloadSourcesJob - Downloaded sources for org.codehaus.plexus:plexus-component-annotations:1.5.5
2023-03-08 21:49:29,316 [Worker-27: Download sources and javadoc] INFO  o.e.m.c.i.e.AbstractTransferListenerAdapter - Downloading https://repo.maven.apache.org/maven2/org/codehaus/plexus/plexus-java/1.1.2/plexus-java-1.1.2-sources.jar
2023-03-08 21:49:29,334 [Worker-27: Download sources and javadoc] INFO  o.e.m.c.i.e.AbstractTransferListenerAdapter - Downloaded https://repo.maven.apache.org/maven2/org/codehaus/plexus/plexus-java/1.1.2/plexus-java-1.1.2-sources.jar
2023-03-08 21:49:29,337 [Worker-27: Download sources and javadoc] INFO  o.e.m.j.internal.DownloadSourcesJob - Downloaded sources for org.codehaus.plexus:plexus-java:1.1.2
2023-03-08 21:49:29,359 [Worker-27: Download sources and javadoc] INFO  o.e.m.c.i.e.AbstractTransferListenerAdapter - Downloading https://repo.maven.apache.org/maven2/org/ow2/asm/asm/9.4/asm-9.4-sources.jar
2023-03-08 21:49:29,409 [Worker-27: Download sources and javadoc] INFO  o.e.m.c.i.e.AbstractTransferListenerAdapter - Downloaded https://repo.maven.apache.org/maven2/org/ow2/asm/asm/9.4/asm-9.4-sources.jar
2023-03-08 21:49:29,412 [Worker-27: Download sources and javadoc] INFO  o.e.m.j.internal.DownloadSourcesJob - Downloaded sources for org.ow2.asm:asm:9.4
2023-03-08 21:49:29,456 [Worker-27: Download sources and javadoc] INFO  o.e.m.c.i.e.AbstractTransferListenerAdapter - Downloading https://repo.maven.apache.org/maven2/com/thoughtworks/qdox/qdox/2.0.3/qdox-2.0.3-sources.jar
2023-03-08 21:49:29,513 [Worker-27: Download sources and javadoc] INFO  o.e.m.c.i.e.AbstractTransferListenerAdapter - Downloaded https://repo.maven.apache.org/maven2/com/thoughtworks/qdox/qdox/2.0.3/qdox-2.0.3-sources.jar
2023-03-08 21:49:29,515 [Worker-27: Download sources and javadoc] INFO  o.e.m.j.internal.DownloadSourcesJob - Downloaded sources for com.thoughtworks.qdox:qdox:2.0.3
2023-03-08 21:49:29,556 [Worker-27: Download sources and javadoc] INFO  o.e.m.c.i.e.AbstractTransferListenerAdapter - Downloading https://repo.maven.apache.org/maven2/org/codehaus/plexus/plexus-compiler-api/2.13.0/plexus-compiler-api-2.13.0-sources.jar
2023-03-08 21:49:29,566 [Worker-27: Download sources and javadoc] INFO  o.e.m.c.i.e.AbstractTransferListenerAdapter - Downloaded https://repo.maven.apache.org/maven2/org/codehaus/plexus/plexus-compiler-api/2.13.0/plexus-compiler-api-2.13.0-sources.jar
2023-03-08 21:49:29,568 [Worker-27: Download sources and javadoc] INFO  o.e.m.j.internal.DownloadSourcesJob - Downloaded sources for org.codehaus.plexus:plexus-compiler-api:2.13.0
2023-03-08 21:49:29,615 [Worker-27: Download sources and javadoc] INFO  o.e.m.c.i.e.AbstractTransferListenerAdapter - Downloading https://repo.maven.apache.org/maven2/org/codehaus/plexus/plexus-utils/3.4.2/plexus-utils-3.4.2-sources.jar
2023-03-08 21:49:29,684 [Worker-27: Download sources and javadoc] INFO  o.e.m.c.i.e.AbstractTransferListenerAdapter - Downloaded https://repo.maven.apache.org/maven2/org/codehaus/plexus/plexus-utils/3.4.2/plexus-utils-3.4.2-sources.jar
2023-03-08 21:49:29,686 [Worker-27: Download sources and javadoc] INFO  o.e.m.j.internal.DownloadSourcesJob - Downloaded sources for org.codehaus.plexus:plexus-utils:3.4.2
2023-03-08 21:49:29,741 [Worker-27: Download sources and javadoc] INFO  o.e.m.c.i.e.AbstractTransferListenerAdapter - Downloading https://repo.maven.apache.org/maven2/org/codehaus/plexus/plexus-compiler-manager/2.13.0/plexus-compiler-manager-2.13.0-sources.jar
2023-03-08 21:49:29,766 [Worker-27: Download sources and javadoc] INFO  o.e.m.c.i.e.AbstractTransferListenerAdapter - Downloaded https://repo.maven.apache.org/maven2/org/codehaus/plexus/plexus-compiler-manager/2.13.0/plexus-compiler-manager-2.13.0-sources.jar
2023-03-08 21:49:29,769 [Worker-27: Download sources and javadoc] INFO  o.e.m.j.internal.DownloadSourcesJob - Downloaded sources for org.codehaus.plexus:plexus-compiler-manager:2.13.0
2023-03-08 21:49:29,885 [Worker-27: Download sources and javadoc] INFO  o.e.m.c.i.e.AbstractTransferListenerAdapter - Downloading https://repo.maven.apache.org/maven2/org/codehaus/plexus/plexus-compiler-javac/2.13.0/plexus-compiler-javac-2.13.0-sources.jar
2023-03-08 21:49:29,917 [Worker-27: Download sources and javadoc] INFO  o.e.m.c.i.e.AbstractTransferListenerAdapter - Downloaded https://repo.maven.apache.org/maven2/org/codehaus/plexus/plexus-compiler-javac/2.13.0/plexus-compiler-javac-2.13.0-sources.jar
2023-03-08 21:49:29,920 [Worker-27: Download sources and javadoc] INFO  o.e.m.j.internal.DownloadSourcesJob - Downloaded sources for org.codehaus.plexus:plexus-compiler-javac:2.13.0
2023-03-08 21:49:45,359 [Worker-21: Updating Maven Project] INFO  o.e.m.c.i.p.ProjectConfigurationManager - Update started
2023-03-08 21:49:45,639 [Worker-21: Updating Maven Project] INFO  o.e.m.c.i.l.LifecycleMappingFactory - Using org.eclipse.m2e.jdt.JarLifecycleMapping lifecycle mapping for MavenProject: Introduction:Introduction:0.0.1-SNAPSHOT @ C:\Users\sai chakravarthi\OneDrive\Desktop\Automation\CoreJavaTraninig\Introduction\pom.xml.
2023-03-08 21:49:45,917 [Worker-21: Updating Maven Project] INFO  o.e.m.c.i.p.ProjectConfigurationManager - Update completed for 1 poms: local refresh takes 0.00 sec, refresh facades takes 0.00 sec, update config takes 0.00 sec 
2023-03-08 21:49:46,326 [Worker-21: Building] WARN  o.e.m.c.i.embedder.EclipseLogger - Using platform encoding (UTF-8 actually) to copy filtered resources, i.e. build is platform dependent!
2023-03-08 21:49:46,328 [Worker-21: Building] INFO  o.e.m.c.i.embedder.EclipseLogger - skip non existing resourceDirectory C:\Users\sai chakravarthi\OneDrive\Desktop\Automation\CoreJavaTraninig\Introduction\src\test\resources
2023-03-08 21:50:53,562 [Worker-21: Building] INFO  o.e.m.c.i.e.AbstractTransferListenerAdapter - Downloading https://repo.maven.apache.org/maven2/org/codehaus/plexus/plexus-utils/3.5.0/plexus-utils-3.5.0.pom
2023-03-08 21:50:53,632 [Worker-21: Building] INFO  o.e.m.c.i.e.AbstractTransferListenerAdapter - Downloaded https://repo.maven.apache.org/maven2/org/codehaus/plexus/plexus-utils/3.5.0/plexus-utils-3.5.0.pom
2023-03-08 21:50:53,650 [Worker-21: Building] INFO  o.e.m.c.i.e.AbstractTransferListenerAdapter - Downloading https://repo.maven.apache.org/maven2/org/codehaus/plexus/plexus-utils/3.5.0/plexus-utils-3.5.0.jar
2023-03-08 21:50:53,721 [Worker-21: Building] INFO  o.e.m.c.i.e.AbstractTransferListenerAdapter - Downloaded https://repo.maven.apache.org/maven2/org/codehaus/plexus/plexus-utils/3.5.0/plexus-utils-3.5.0.jar
2023-03-08 21:50:53,767 [Worker-21: Building] INFO  o.e.m.c.i.l.LifecycleMappingFactory - Using org.eclipse.m2e.jdt.JarLifecycleMapping lifecycle mapping for MavenProject: Introduction:Introduction:0.0.1-SNAPSHOT @ C:\Users\sai chakravarthi\OneDrive\Desktop\Automation\CoreJavaTraninig\Introduction\pom.xml.
2023-03-08 21:50:54,040 [Worker-21: Building] WARN  o.e.m.c.i.embedder.EclipseLogger - Using platform encoding (UTF-8 actually) to copy filtered resources, i.e. build is platform dependent!
2023-03-08 21:50:54,041 [Worker-21: Building] INFO  o.e.m.c.i.embedder.EclipseLogger - skip non existing resourceDirectory C:\Users\sai chakravarthi\OneDrive\Desktop\Automation\CoreJavaTraninig\Introduction\src\test\resources
2023-03-08 21:51:04,203 [Worker-27: Updating Maven Project] INFO  o.e.m.c.i.p.ProjectConfigurationManager - Update started
2023-03-08 21:51:04,306 [Worker-27: Updating Maven Project] INFO  o.e.m.c.i.l.LifecycleMappingFactory - Using org.eclipse.m2e.jdt.JarLifecycleMapping lifecycle mapping for MavenProject: Introduction:Introduction:0.0.1-SNAPSHOT @ C:\Users\sai chakravarthi\OneDrive\Desktop\Automation\CoreJavaTraninig\Introduction\pom.xml.
2023-03-08 21:51:04,583 [Worker-27: Updating Maven Project] INFO  o.e.m.c.i.p.ProjectConfigurationManager - Update completed for 1 poms: local refresh takes 0.00 sec, refresh facades takes 0.00 sec, update config takes 0.00 sec 
2023-03-08 21:51:05,042 [Worker-23: Building] WARN  o.e.m.c.i.embedder.EclipseLogger - Using platform encoding (UTF-8 actually) to copy filtered resources, i.e. build is platform dependent!
2023-03-08 21:51:05,043 [Worker-23: Building] INFO  o.e.m.c.i.embedder.EclipseLogger - skip non existing resourceDirectory C:\Users\sai chakravarthi\OneDrive\Desktop\Automation\CoreJavaTraninig\Introduction\src\test\resources
2023-03-08 21:51:33,789 [Worker-26: Building] INFO  o.e.m.c.i.l.LifecycleMappingFactory - Using org.eclipse.m2e.jdt.JarLifecycleMapping lifecycle mapping for MavenProject: Introduction:Introduction:0.0.1-SNAPSHOT @ C:\Users\sai chakravarthi\OneDrive\Desktop\Automation\CoreJavaTraninig\Introduction\pom.xml.
2023-03-08 21:51:34,038 [Worker-26: Building] WARN  o.e.m.c.i.embedder.EclipseLogger - Using platform encoding (UTF-8 actually) to copy filtered resources, i.e. build is platform dependent!
2023-03-08 21:51:34,039 [Worker-26: Building] INFO  o.e.m.c.i.embedder.EclipseLogger - skip non existing resourceDirectory C:\Users\sai chakravarthi\OneDrive\Desktop\Automation\CoreJavaTraninig\Introduction\src\test\resources
2023-03-08 21:51:47,724 [Worker-23: Updating Maven Project] INFO  o.e.m.c.i.p.ProjectConfigurationManager - Update started
2023-03-08 21:51:47,844 [Worker-23: Updating Maven Project] INFO  o.e.m.c.i.l.LifecycleMappingFactory - Using org.eclipse.m2e.jdt.JarLifecycleMapping lifecycle mapping for MavenProject: Introduction:Introduction:0.0.1-SNAPSHOT @ C:\Users\sai chakravarthi\OneDrive\Desktop\Automation\CoreJavaTraninig\Introduction\pom.xml.
2023-03-08 21:51:48,129 [Worker-23: Updating Maven Project] INFO  o.e.m.c.i.p.ProjectConfigurationManager - Update completed for 1 poms: local refresh takes 0.00 sec, refresh facades takes 0.00 sec, update config takes 0.00 sec 
2023-03-08 21:51:48,475 [Worker-23: Building] WARN  o.e.m.c.i.embedder.EclipseLogger - Using platform encoding (UTF-8 actually) to copy filtered resources, i.e. build is platform dependent!
2023-03-08 21:51:48,477 [Worker-23: Building] INFO  o.e.m.c.i.embedder.EclipseLogger - skip non existing resourceDirectory C:\Users\sai chakravarthi\OneDrive\Desktop\Automation\CoreJavaTraninig\Introduction\src\test\resources
2023-03-08 21:52:10,368 [Worker-23: Building] INFO  o.e.m.c.i.l.LifecycleMappingFactory - Using org.eclipse.m2e.jdt.JarLifecycleMapping lifecycle mapping for MavenProject: Introduction:Introduction:0.0.1-SNAPSHOT @ C:\Users\sai chakravarthi\OneDrive\Desktop\Automation\CoreJavaTraninig\Introduction\pom.xml.
2023-03-08 21:52:10,694 [Worker-23: Building] WARN  o.e.m.c.i.embedder.EclipseLogger - Using platform encoding (UTF-8 actually) to copy filtered resources, i.e. build is platform dependent!
2023-03-08 21:52:10,696 [Worker-23: Building] INFO  o.e.m.c.i.embedder.EclipseLogger - skip non existing resourceDirectory C:\Users\sai chakravarthi\OneDrive\Desktop\Automation\CoreJavaTraninig\Introduction\src\test\resources
2023-03-08 21:52:28,381 [Worker-26: Updating Maven Project] INFO  o.e.m.c.i.p.ProjectConfigurationManager - Update started
2023-03-08 21:52:28,546 [Worker-26: Updating Maven Project] INFO  o.e.m.c.i.l.LifecycleMappingFactory - Using org.eclipse.m2e.jdt.JarLifecycleMapping lifecycle mapping for MavenProject: Introduction:Introduction:0.0.1-SNAPSHOT @ C:\Users\sai chakravarthi\OneDrive\Desktop\Automation\CoreJavaTraninig\Introduction\pom.xml.
2023-03-08 21:52:28,736 [Worker-26: Updating Maven Project] INFO  o.e.m.c.i.p.ProjectConfigurationManager - Update completed for 1 poms: local refresh takes 0.00 sec, refresh facades takes 0.00 sec, update config takes 0.00 sec 
2023-03-08 21:52:29,022 [Worker-21: Building] WARN  o.e.m.c.i.embedder.EclipseLogger - Using platform encoding (UTF-8 actually) to copy filtered resources, i.e. build is platform dependent!
2023-03-08 21:52:29,024 [Worker-21: Building] INFO  o.e.m.c.i.embedder.EclipseLogger - skip non existing resourceDirectory C:\Users\sai chakravarthi\OneDrive\Desktop\Automation\CoreJavaTraninig\Introduction\src\test\resources
2023-03-08 22:03:07,876 [Worker-30: Building] INFO  o.e.m.c.i.l.LifecycleMappingFactory - Using org.eclipse.m2e.jdt.JarLifecycleMapping lifecycle mapping for MavenProject: Introduction:Introduction:0.0.1-SNAPSHOT @ C:\Users\sai chakravarthi\OneDrive\Desktop\Automation\CoreJavaTraninig\Introduction\pom.xml.
2023-03-08 22:03:08,246 [Worker-30: Building] WARN  o.e.m.c.i.embedder.EclipseLogger - Using platform encoding (UTF-8 actually) to copy filtered resources, i.e. build is platform dependent!
2023-03-08 22:03:08,247 [Worker-30: Building] INFO  o.e.m.c.i.embedder.EclipseLogger - skip non existing resourceDirectory C:\Users\sai chakravarthi\OneDrive\Desktop\Automation\CoreJavaTraninig\Introduction\src\test\resources
2023-03-08 22:04:11,612 [Worker-23: Building] INFO  o.e.m.c.i.l.LifecycleMappingFactory - Using org.eclipse.m2e.jdt.JarLifecycleMapping lifecycle mapping for MavenProject: Introduction:Introduction:0.0.1-SNAPSHOT @ C:\Users\sai chakravarthi\OneDrive\Desktop\Automation\CoreJavaTraninig\Introduction\pom.xml.
2023-03-08 22:04:11,847 [Worker-23: Building] WARN  o.e.m.c.i.embedder.EclipseLogger - Using platform encoding (UTF-8 actually) to copy filtered resources, i.e. build is platform dependent!
2023-03-08 22:04:11,849 [Worker-23: Building] INFO  o.e.m.c.i.embedder.EclipseLogger - skip non existing resourceDirectory C:\Users\sai chakravarthi\OneDrive\Desktop\Automation\CoreJavaTraninig\Introduction\src\test\resources
2023-03-08 22:04:24,965 [Worker-29: Building] INFO  o.e.m.c.i.l.LifecycleMappingFactory - Using org.eclipse.m2e.jdt.JarLifecycleMapping lifecycle mapping for MavenProject: Introduction:Introduction:0.0.1-SNAPSHOT @ C:\Users\sai chakravarthi\OneDrive\Desktop\Automation\CoreJavaTraninig\Introduction\pom.xml.
2023-03-08 22:04:25,211 [Worker-29: Building] WARN  o.e.m.c.i.embedder.EclipseLogger - Using platform encoding (UTF-8 actually) to copy filtered resources, i.e. build is platform dependent!
2023-03-08 22:04:25,212 [Worker-29: Building] INFO  o.e.m.c.i.embedder.EclipseLogger - skip non existing resourceDirectory C:\Users\sai chakravarthi\OneDrive\Desktop\Automation\CoreJavaTraninig\Introduction\src\test\resources
2023-03-08 22:05:36,995 [Worker-1: Loading available Gradle versions] INFO  o.e.b.c.i.u.g.PublishedGradleVersions - Gradle version information cache is up-to-date. Trying to read.
2023-03-08 22:05:51,638 [Worker-1: Building] INFO  o.e.m.c.i.l.LifecycleMappingFactory - Using org.eclipse.m2e.jdt.JarLifecycleMapping lifecycle mapping for MavenProject: Introduction:Introduction:0.0.1-SNAPSHOT @ C:\Users\sai chakravarthi\OneDrive\Desktop\Automation\CoreJavaTraninig\Introduction\pom.xml.
2023-03-08 22:05:52,473 [Worker-1: Building] WARN  o.e.m.c.i.embedder.EclipseLogger - Using platform encoding (UTF-8 actually) to copy filtered resources, i.e. build is platform dependent!
2023-03-08 22:05:52,475 [Worker-1: Building] INFO  o.e.m.c.i.embedder.EclipseLogger - skip non existing resourceDirectory C:\Users\sai chakravarthi\OneDrive\Desktop\Automation\CoreJavaTraninig\Introduction\src\test\resources
2023-03-08 22:06:49,959 [Worker-9: Updating Maven Project] INFO  o.e.m.c.i.p.ProjectConfigurationManager - Update started
2023-03-08 22:06:50,300 [Worker-9: Updating Maven Project] INFO  o.e.m.c.i.l.LifecycleMappingFactory - Using org.eclipse.m2e.jdt.JarLifecycleMapping lifecycle mapping for MavenProject: Introduction:Introduction:0.0.1-SNAPSHOT @ C:\Users\sai chakravarthi\OneDrive\Desktop\Automation\CoreJavaTraninig\Introduction\pom.xml.
2023-03-08 22:06:50,641 [Worker-9: Updating Maven Project] INFO  o.e.m.c.i.p.ProjectConfigurationManager - Update completed for 1 poms: local refresh takes 0.00 sec, refresh facades takes 0.00 sec, update config takes 0.00 sec 
2023-03-08 22:07:29,944 [Worker-20: Building] WARN  o.e.m.c.i.embedder.EclipseLogger - The POM for org.apache.maven.plugins:maven-compiler-plugin:jar:2.6.0 is missing, no dependency information available
2023-03-08 22:07:29,947 [Worker-20: Building] WARN  o.e.m.c.i.embedder.EclipseLogger - The POM for org.apache.maven.plugins:maven-compiler-plugin:jar:2.6.0 is missing, no dependency information available
2023-03-08 22:07:29,948 [Worker-20: Building] INFO  o.e.m.c.i.l.LifecycleMappingFactory - Using org.eclipse.m2e.jdt.JarLifecycleMapping lifecycle mapping for MavenProject: Introduction:Introduction:0.0.1-SNAPSHOT @ C:\Users\sai chakravarthi\OneDrive\Desktop\Automation\CoreJavaTraninig\Introduction\pom.xml.
2023-03-08 22:07:30,240 [Worker-20: Building] WARN  o.e.m.c.i.embedder.EclipseLogger - Using platform encoding (UTF-8 actually) to copy filtered resources, i.e. build is platform dependent!
2023-03-08 22:07:30,241 [Worker-20: Building] INFO  o.e.m.c.i.embedder.EclipseLogger - skip non existing resourceDirectory C:\Users\sai chakravarthi\OneDrive\Desktop\Automation\CoreJavaTraninig\Introduction\src\test\resources
2023-03-08 22:07:30,245 [Worker-20: Building] WARN  o.e.m.c.i.embedder.EclipseLogger - The POM for org.apache.maven.plugins:maven-compiler-plugin:jar:2.6.0 is missing, no dependency information available
2023-03-08 22:08:29,378 [Worker-13: Building] INFO  o.e.m.c.i.l.LifecycleMappingFactory - Using org.eclipse.m2e.jdt.JarLifecycleMapping lifecycle mapping for MavenProject: Introduction:Introduction:0.0.1-SNAPSHOT @ C:\Users\sai chakravarthi\OneDrive\Desktop\Automation\CoreJavaTraninig\Introduction\pom.xml.
2023-03-08 22:08:29,639 [Worker-13: Building] WARN  o.e.m.c.i.embedder.EclipseLogger - Using platform encoding (UTF-8 actually) to copy filtered resources, i.e. build is platform dependent!
2023-03-08 22:08:29,640 [Worker-13: Building] INFO  o.e.m.c.i.embedder.EclipseLogger - skip non existing resourceDirectory C:\Users\sai chakravarthi\OneDrive\Desktop\Automation\CoreJavaTraninig\Introduction\src\test\resources
2023-03-08 22:09:44,929 [Worker-17: Updating Maven Project] INFO  o.e.m.c.i.p.ProjectConfigurationManager - Update started
2023-03-08 22:09:45,194 [Worker-17: Updating Maven Project] INFO  o.e.m.c.i.l.LifecycleMappingFactory - Using org.eclipse.m2e.jdt.JarLifecycleMapping lifecycle mapping for MavenProject: Introduction:Introduction:0.0.1-SNAPSHOT @ C:\Users\sai chakravarthi\OneDrive\Desktop\Automation\CoreJavaTraninig\Introduction\pom.xml.
2023-03-08 22:09:45,440 [Worker-17: Updating Maven Project] INFO  o.e.m.c.i.p.ProjectConfigurationManager - Update completed for 1 poms: local refresh takes 0.00 sec, refresh facades takes 0.00 sec, update config takes 0.00 sec 
2023-03-08 22:09:53,074 [Worker-8: Building] WARN  o.e.m.c.i.embedder.EclipseLogger - Using platform encoding (UTF-8 actually) to copy filtered resources, i.e. build is platform dependent!
2023-03-08 22:09:53,079 [Worker-8: Building] INFO  o.e.m.c.i.embedder.EclipseLogger - skip non existing resourceDirectory C:\Users\sai chakravarthi\OneDrive\Desktop\Automation\CoreJavaTraninig\Introduction\src\test\resources
2023-03-08 22:10:19,591 [Worker-7: Updating Maven Project] INFO  o.e.m.c.i.p.ProjectConfigurationManager - Update started
2023-03-08 22:10:19,795 [Worker-7: Updating Maven Project] INFO  o.e.m.c.i.l.LifecycleMappingFactory - Using org.eclipse.m2e.jdt.JarLifecycleMapping lifecycle mapping for MavenProject: Introduction:Introduction:0.0.1-SNAPSHOT @ C:\Users\sai chakravarthi\OneDrive\Desktop\Automation\CoreJavaTraninig\Introduction\pom.xml.
2023-03-08 22:10:20,038 [Worker-7: Updating Maven Project] INFO  o.e.m.c.i.p.ProjectConfigurationManager - Update completed for 1 poms: local refresh takes 0.00 sec, refresh facades takes 0.00 sec, update config takes 0.00 sec 
2023-03-09 11:17:17,191 [Worker-3: Loading available Gradle versions] INFO  o.e.b.c.i.u.g.PublishedGradleVersions - Gradle version information cache is out-of-date. Trying to update.
2023-03-10 15:40:13,096 [Worker-4: Loading available Gradle versions] INFO  o.e.b.c.i.u.g.PublishedGradleVersions - Gradle version information cache is out-of-date. Trying to update.
2023-03-13 11:21:36,071 [Worker-2: Loading available Gradle versions] INFO  o.e.b.c.i.u.g.PublishedGradleVersions - Gradle version information cache is out-of-date. Trying to update.
2023-03-13 22:11:08,436 [Worker-1: Loading available Gradle versions] INFO  o.e.b.c.i.u.g.PublishedGradleVersions - Gradle version information cache is up-to-date. Trying to read.
